mktextfm ecrm1000
mktextfm ecrm0900
mktextfm phvr8t
mktextfm phvb8t
mktextfm nullfont
mktextfm ecrm1440
mktextfm phvr8t
mktextfm phvb8t
mktextfm nullfont
mktextfm ecrm1000
mktextfm ecrm0900
mktextfm phvr8t
mktextfm phvb8t
mktextfm nullfont
mktextfm ecrm1440
mktextfm phvr8t
mktextfm phvb8t
mktextfm nullfont
mktextfm ecrm1200
mktextfm phvr8t
mktextfm phvb8t
mktextfm nullfont
mktextfm ptmr8t
mktextfm phvb8t
mktextfm nullfont
mktextfm phvbo8t
mktextfm nullfont
mktextfm nullfont
mktextfm phvbo8t
mktextfm nullfont
mktextfm nullfont
mktextfm phvb8t
mktextfm nullfont
mktextfm ptmr8t
mktextfm ptmb8t
mktextfm nullfont
